# JRE version: 7.0_25-b15
# Java VM: Java HotSpot(TM) 64-Bit Server VM (23.25-b01 mixed mode linux-amd64 compressed oops)
Heap
 PSYoungGen      total 68480K, used 29467K [0x00000007d6e00000, 0x00000007db600000, 0x0000000800000000)
  eden space 63232K, 38% used [0x00000007d6e00000,0x00000007d85a9ca8,0x00000007dabc0000)
  from space 5248K, 99% used [0x00000007db0e0000,0x00000007db5fd1e0,0x00000007db600000)
  to   space 5248K, 0% used [0x00000007dabc0000,0x00000007dabc0000,0x00000007db0e0000)
 ParOldGen       total 84224K, used 9918K [0x0000000784a00000, 0x0000000789c40000, 0x00000007d6e00000)
  object space 84224K, 11% used [0x0000000784a00000,0x00000007853af878,0x0000000789c40000)
 PSPermGen       total 27584K, used 27549K [0x000000077f800000, 0x00000007812f0000, 0x0000000784a00000)
  object space 27584K, 99% used [0x000000077f800000,0x00000007812e7708,0x00000007812f0000)
GC Heap History (8 events):
Event: 2.396 GC heap before
{Heap before GC invocations=1 (full 0):
 PSYoungGen      total 36864K, used 31616K [0x00000007d6e00000, 0x00000007d9720000, 0x0000000800000000)
  eden space 31616K, 100% used [0x00000007d6e00000,0x00000007d8ce0000,0x00000007d8ce0000)
  from space 5248K, 0% used [0x00000007d9200000,0x00000007d9200000,0x00000007d9720000)
  to   space 5248K, 0% used [0x00000007d8ce0000,0x00000007d8ce0000,0x00000007d9200000)
 ParOldGen       total 84224K, used 0K [0x0000000784a00000, 0x0000000789c40000, 0x00000007d6e00000)
  object space 84224K, 0% used [0x0000000784a00000,0x0000000784a00000,0x0000000789c40000)
 PSPermGen       total 21248K, used 15547K [0x000000077f800000, 0x0000000780cc0000, 0x0000000784a00000)
  object space 21248K, 73% used [0x000000077f800000,0x000000078072ef50,0x0000000780cc0000)
Event: 2.401 GC heap after
Heap after GC invocations=1 (full 0):
 PSYoungGen      total 36864K, used 4572K [0x00000007d6e00000, 0x00000007d9720000, 0x0000000800000000)
  eden space 31616K, 0% used [0x00000007d6e00000,0x00000007d6e00000,0x00000007d8ce0000)
  from space 5248K, 87% used [0x00000007d8ce0000,0x00000007d91572d8,0x00000007d9200000)
  to   space 5248K, 0% used [0x00000007d9200000,0x00000007d9200000,0x00000007d9720000)
 ParOldGen       total 84224K, used 8K [0x0000000784a00000, 0x0000000789c40000, 0x00000007d6e00000)
  object space 84224K, 0% used [0x0000000784a00000,0x0000000784a02000,0x0000000789c40000)
 PSPermGen       total 21248K, used 15547K [0x000000077f800000, 0x0000000780cc0000, 0x0000000784a00000)
  object space 21248K, 73% used [0x000000077f800000,0x000000078072ef50,0x0000000780cc0000)
}
Event: 2.794 GC heap before
{Heap before GC invocations=2 (full 0):
 PSYoungGen      total 36864K, used 36188K [0x00000007d6e00000, 0x00000007d9720000, 0x0000000800000000)
  eden space 31616K, 100% used [0x00000007d6e00000,0x00000007d8ce0000,0x00000007d8ce0000)
  from space 5248K, 87% used [0x00000007d8ce0000,0x00000007d91572d8,0x00000007d9200000)
  to   space 5248K, 0% used [0x00000007d9200000,0x00000007d9200000,0x00000007d9720000)
 ParOldGen       total 84224K, used 8K [0x0000000784a00000, 0x0000000789c40000, 0x00000007d6e00000)
  object space 84224K, 0% used [0x0000000784a00000,0x0000000784a02000,0x0000000789c40000)
 PSPermGen       total 21248K, used 20192K [0x000000077f800000, 0x0000000780cc0000, 0x0000000784a00000)
  object space 21248K, 95% used [0x000000077f800000,0x0000000780bb81b8,0x0000000780cc0000)
Event: 2.801 GC heap after
Heap after GC invocations=2 (full 0):
 PSYoungGen      total 36864K, used 5220K [0x00000007d6e00000, 0x00000007d9720000, 0x0000000800000000)
  eden space 31616K, 0% used [0x00000007d6e00000,0x00000007d6e00000,0x00000007d8ce0000)
  from space 5248K, 99% used [0x00000007d9200000,0x00000007d9719068,0x00000007d9720000)
  to   space 5248K, 0% used [0x00000007d8ce0000,0x00000007d8ce0000,0x00000007d9200000)
 ParOldGen       total 84224K, used 1522K [0x0000000784a00000, 0x0000000789c40000, 0x00000007d6e00000)
  object space 84224K, 1% used [0x0000000784a00000,0x0000000784b7c848,0x0000000789c40000)
 PSPermGen       total 21248K, used 20192K [0x000000077f800000, 0x0000000780cc0000, 0x0000000784a00000)
  object space 21248K, 95% used [0x000000077f800000,0x0000000780bb81b8,0x0000000780cc0000)
}
Event: 3.100 GC heap before
{Heap before GC invocations=3 (full 0):
 PSYoungGen      total 36864K, used 36836K [0x00000007d6e00000, 0x00000007d9720000, 0x0000000800000000)
  eden space 31616K, 100% used [0x00000007d6e00000,0x00000007d8ce0000,0x00000007d8ce0000)
  from space 5248K, 99% used [0x00000007d9200000,0x00000007d9719068,0x00000007d9720000)
  to   space 5248K, 0% used [0x00000007d8ce0000,0x00000007d8ce0000,0x00000007d9200000)
 ParOldGen       total 84224K, used 1522K [0x0000000784a00000, 0x0000000789c40000, 0x00000007d6e00000)
  object space 84224K, 1% used [0x0000000784a00000,0x0000000784b7c848,0x0000000789c40000)
 PSPermGen       total 22976K, used 22934K [0x000000077f800000, 0x0000000780e70000, 0x0000000784a00000)
  object space 22976K, 99% used [0x000000077f800000,0x0000000780e65b28,0x0000000780e70000)
Event: 3.108 GC heap after
Heap after GC invocations=3 (full 0):
 PSYoungGen      total 36864K, used 5234K [0x00000007d6e00000, 0x00000007db600000, 0x0000000800000000)
  eden space 31616K, 0% used [0x00000007d6e00000,0x00000007d6e00000,0x00000007d8ce0000)
  from space 5248K, 99% used [0x00000007d8ce0000,0x00000007d91fcb60,0x00000007d9200000)
  to   space 5248K, 0% used [0x00000007db0e0000,0x00000007db0e0000,0x00000007db600000)
 ParOldGen       total 84224K, used 5751K [0x0000000784a00000, 0x0000000789c40000, 0x00000007d6e00000)
  object space 84224K, 6% used [0x0000000784a00000,0x0000000784f9dff8,0x0000000789c40000)
 PSPermGen       total 22976K, used 22934K [0x000000077f800000, 0x0000000780e70000, 0x0000000784a00000)
  object space 22976K, 99% used [0x000000077f800000,0x0000000780e65b28,0x0000000780e70000)
}
Event: 4.100 GC heap before
{Heap before GC invocations=4 (full 0):
 PSYoungGen      total 36864K, used 36850K [0x00000007d6e00000, 0x00000007db600000, 0x0000000800000000)
  eden space 31616K, 100% used [0x00000007d6e00000,0x00000007d8ce0000,0x00000007d8ce0000)
  from space 5248K, 99% used [0x00000007d8ce0000,0x00000007d91fcb60,0x00000007d9200000)
  to   space 5248K, 0% used [0x00000007db0e0000,0x00000007db0e0000,0x00000007db600000)
 ParOldGen       total 84224K, used 5751K [0x0000000784a00000, 0x0000000789c40000, 0x00000007d6e00000)
  object space 84224K, 6% used [0x0000000784a00000,0x0000000784f9dff8,0x0000000789c40000)
 PSPermGen       total 25856K, used 25679K [0x000000077f800000, 0x0000000781140000, 0x0000000784a00000)
  object space 25856K, 99% used [0x000000077f800000,0x0000000781113fd0,0x0000000781140000)
Event: 4.108 GC heap after
Heap after GC invocations=4 (full 0):
 PSYoungGen      total 68480K, used 5236K [0x00000007d6e00000, 0x00000007db600000, 0x0000000800000000)
  eden space 63232K, 0% used [0x00000007d6e00000,0x00000007d6e00000,0x00000007dabc0000)
  from space 5248K, 99% used [0x00000007db0e0000,0x00000007db5fd1e0,0x00000007db600000)
  to   space 5248K, 0% used [0x00000007dabc0000,0x00000007dabc0000,0x00000007db0e0000)
 ParOldGen       total 84224K, used 9918K [0x0000000784a00000, 0x0000000789c40000, 0x00000007d6e00000)
  object space 84224K, 11% used [0x0000000784a00000,0x00000007853af878,0x0000000789c40000)
 PSPermGen       total 25856K, used 25679K [0x000000077f800000, 0x0000000781140000, 0x0000000784a00000)
  object space 25856K, 99% used [0x000000077f800000,0x0000000781113fd0,0x0000000781140000)
}

