# JRE version: 7.0_25-b15
# Java VM: Java HotSpot(TM) 64-Bit Server VM (23.25-b01 mixed mode linux-amd64 compressed oops)
Heap
 PSYoungGen      total 68480K, used 28183K [0x00000007d6e00000, 0x00000007db600000, 0x0000000800000000)
  eden space 63232K, 36% used [0x00000007d6e00000,0x00000007d846db78,0x00000007dabc0000)
  from space 5248K, 99% used [0x00000007db0e0000,0x00000007db5f80a0,0x00000007db600000)
  to   space 5248K, 0% used [0x00000007dabc0000,0x00000007dabc0000,0x00000007db0e0000)
 ParOldGen       total 84224K, used 10241K [0x0000000784a00000, 0x0000000789c40000, 0x00000007d6e00000)
  object space 84224K, 12% used [0x0000000784a00000,0x00000007854006f8,0x0000000789c40000)
 PSPermGen       total 27584K, used 27411K [0x000000077f800000, 0x00000007812f0000, 0x0000000784a00000)
  object space 27584K, 99% used [0x000000077f800000,0x00000007812c4f20,0x00000007812f0000)
GC Heap History (8 events):
Event: 1.489 GC heap before
{Heap before GC invocations=1 (full 0):
 PSYoungGen      total 36864K, used 31616K [0x00000007d6e00000, 0x00000007d9720000, 0x0000000800000000)
  eden space 31616K, 100% used [0x00000007d6e00000,0x00000007d8ce0000,0x00000007d8ce0000)
  from space 5248K, 0% used [0x00000007d9200000,0x00000007d9200000,0x00000007d9720000)
  to   space 5248K, 0% used [0x00000007d8ce0000,0x00000007d8ce0000,0x00000007d9200000)
 ParOldGen       total 84224K, used 0K [0x0000000784a00000, 0x0000000789c40000, 0x00000007d6e00000)
  object space 84224K, 0% used [0x0000000784a00000,0x0000000784a00000,0x0000000789c40000)
 PSPermGen       total 21248K, used 15407K [0x000000077f800000, 0x0000000780cc0000, 0x0000000784a00000)
  object space 21248K, 72% used [0x000000077f800000,0x000000078070bca8,0x0000000780cc0000)
Event: 1.495 GC heap after
Heap after GC invocations=1 (full 0):
 PSYoungGen      total 36864K, used 4560K [0x00000007d6e00000, 0x00000007d9720000, 0x0000000800000000)
  eden space 31616K, 0% used [0x00000007d6e00000,0x00000007d6e00000,0x00000007d8ce0000)
  from space 5248K, 86% used [0x00000007d8ce0000,0x00000007d9154200,0x00000007d9200000)
  to   space 5248K, 0% used [0x00000007d9200000,0x00000007d9200000,0x00000007d9720000)
 ParOldGen       total 84224K, used 8K [0x0000000784a00000, 0x0000000789c40000, 0x00000007d6e00000)
  object space 84224K, 0% used [0x0000000784a00000,0x0000000784a02000,0x0000000789c40000)
 PSPermGen       total 21248K, used 15407K [0x000000077f800000, 0x0000000780cc0000, 0x0000000784a00000)
  object space 21248K, 72% used [0x000000077f800000,0x000000078070bca8,0x0000000780cc0000)
}
Event: 1.896 GC heap before
{Heap before GC invocations=2 (full 0):
 PSYoungGen      total 36864K, used 36176K [0x00000007d6e00000, 0x00000007d9720000, 0x0000000800000000)
  eden space 31616K, 100% used [0x00000007d6e00000,0x00000007d8ce0000,0x00000007d8ce0000)
  from space 5248K, 86% used [0x00000007d8ce0000,0x00000007d9154200,0x00000007d9200000)
  to   space 5248K, 0% used [0x00000007d9200000,0x00000007d9200000,0x00000007d9720000)
 ParOldGen       total 84224K, used 8K [0x0000000784a00000, 0x0000000789c40000, 0x00000007d6e00000)
  object space 84224K, 0% used [0x0000000784a00000,0x0000000784a02000,0x0000000789c40000)
 PSPermGen       total 21248K, used 20052K [0x000000077f800000, 0x0000000780cc0000, 0x0000000784a00000)
  object space 21248K, 94% used [0x000000077f800000,0x0000000780b95058,0x0000000780cc0000)
Event: 1.903 GC heap after
Heap after GC invocations=2 (full 0):
 PSYoungGen      total 36864K, used 5247K [0x00000007d6e00000, 0x00000007d9720000, 0x0000000800000000)
  eden space 31616K, 0% used [0x00000007d6e00000,0x00000007d6e00000,0x00000007d8ce0000)
  from space 5248K, 99% used [0x00000007d9200000,0x00000007d971fc80,0x00000007d9720000)
  to   space 5248K, 0% used [0x00000007d8ce0000,0x00000007d8ce0000,0x00000007d9200000)
 ParOldGen       total 84224K, used 1494K [0x0000000784a00000, 0x0000000789c40000, 0x00000007d6e00000)
  object space 84224K, 1% used [0x0000000784a00000,0x0000000784b75a80,0x0000000789c40000)
 PSPermGen       total 21248K, used 20052K [0x000000077f800000, 0x0000000780cc0000, 0x0000000784a00000)
  object space 21248K, 94% used [0x000000077f800000,0x0000000780b95058,0x0000000780cc0000)
}
Event: 2.227 GC heap before
{Heap before GC invocations=3 (full 0):
 PSYoungGen      total 36864K, used 36863K [0x00000007d6e00000, 0x00000007d9720000, 0x0000000800000000)
  eden space 31616K, 100% used [0x00000007d6e00000,0x00000007d8ce0000,0x00000007d8ce0000)
  from space 5248K, 99% used [0x00000007d9200000,0x00000007d971fc80,0x00000007d9720000)
  to   space 5248K, 0% used [0x00000007d8ce0000,0x00000007d8ce0000,0x00000007d9200000)
 ParOldGen       total 84224K, used 1494K [0x0000000784a00000, 0x0000000789c40000, 0x00000007d6e00000)
  object space 84224K, 1% used [0x0000000784a00000,0x0000000784b75a80,0x0000000789c40000)
 PSPermGen       total 22976K, used 22794K [0x000000077f800000, 0x0000000780e70000, 0x0000000784a00000)
  object space 22976K, 99% used [0x000000077f800000,0x0000000780e42b00,0x0000000780e70000)
Event: 2.234 GC heap after
Heap after GC invocations=3 (full 0):
 PSYoungGen      total 36864K, used 5232K [0x00000007d6e00000, 0x00000007db600000, 0x0000000800000000)
  eden space 31616K, 0% used [0x00000007d6e00000,0x00000007d6e00000,0x00000007d8ce0000)
  from space 5248K, 99% used [0x00000007d8ce0000,0x00000007d91fc058,0x00000007d9200000)
  to   space 5248K, 0% used [0x00000007db0e0000,0x00000007db0e0000,0x00000007db600000)
 ParOldGen       total 84224K, used 5618K [0x0000000784a00000, 0x0000000789c40000, 0x00000007d6e00000)
  object space 84224K, 6% used [0x0000000784a00000,0x0000000784f7c960,0x0000000789c40000)
 PSPermGen       total 22976K, used 22794K [0x000000077f800000, 0x0000000780e70000, 0x0000000784a00000)
  object space 22976K, 99% used [0x000000077f800000,0x0000000780e42b00,0x0000000780e70000)
}
Event: 3.362 GC heap before
{Heap before GC invocations=4 (full 0):
 PSYoungGen      total 36864K, used 36848K [0x00000007d6e00000, 0x00000007db600000, 0x0000000800000000)
  eden space 31616K, 100% used [0x00000007d6e00000,0x00000007d8ce0000,0x00000007d8ce0000)
  from space 5248K, 99% used [0x00000007d8ce0000,0x00000007d91fc058,0x00000007d9200000)
  to   space 5248K, 0% used [0x00000007db0e0000,0x00000007db0e0000,0x00000007db600000)
 ParOldGen       total 84224K, used 5618K [0x0000000784a00000, 0x0000000789c40000, 0x00000007d6e00000)
  object space 84224K, 6% used [0x0000000784a00000,0x0000000784f7c960,0x0000000789c40000)
 PSPermGen       total 25664K, used 25540K [0x000000077f800000, 0x0000000781110000, 0x0000000784a00000)
  object space 25664K, 99% used [0x000000077f800000,0x00000007810f1060,0x0000000781110000)
Event: 3.372 GC heap after
Heap after GC invocations=4 (full 0):
 PSYoungGen      total 68480K, used 5216K [0x00000007d6e00000, 0x00000007db600000, 0x0000000800000000)
  eden space 63232K, 0% used [0x00000007d6e00000,0x00000007d6e00000,0x00000007dabc0000)
  from space 5248K, 99% used [0x00000007db0e0000,0x00000007db5f80a0,0x00000007db600000)
  to   space 5248K, 0% used [0x00000007dabc0000,0x00000007dabc0000,0x00000007db0e0000)
 ParOldGen       total 84224K, used 10241K [0x0000000784a00000, 0x0000000789c40000, 0x00000007d6e00000)
  object space 84224K, 12% used [0x0000000784a00000,0x00000007854006f8,0x0000000789c40000)
 PSPermGen       total 25664K, used 25540K [0x000000077f800000, 0x0000000781110000, 0x0000000784a00000)
  object space 25664K, 99% used [0x000000077f800000,0x00000007810f1060,0x0000000781110000)
}

