# JRE version: 7.0_25-b15
# Java VM: Java HotSpot(TM) 64-Bit Server VM (23.25-b01 mixed mode linux-amd64 compressed oops)
Heap
 PSYoungGen      total 68480K, used 28190K [0x00000007d6e00000, 0x00000007db600000, 0x0000000800000000)
  eden space 63232K, 36% used [0x00000007d6e00000,0x00000007d846d9a8,0x00000007dabc0000)
  from space 5248K, 99% used [0x00000007db0e0000,0x00000007db5f9e70,0x00000007db600000)
  to   space 5248K, 0% used [0x00000007dabc0000,0x00000007dabc0000,0x00000007db0e0000)
 ParOldGen       total 84224K, used 9509K [0x0000000784a00000, 0x0000000789c40000, 0x00000007d6e00000)
  object space 84224K, 11% used [0x0000000784a00000,0x0000000785349420,0x0000000789c40000)
 PSPermGen       total 27392K, used 27344K [0x000000077f800000, 0x00000007812c0000, 0x0000000784a00000)
  object space 27392K, 99% used [0x000000077f800000,0x00000007812b43e8,0x00000007812c0000)
GC Heap History (8 events):
Event: 1.852 GC heap before
{Heap before GC invocations=1 (full 0):
 PSYoungGen      total 36864K, used 31616K [0x00000007d6e00000, 0x00000007d9720000, 0x0000000800000000)
  eden space 31616K, 100% used [0x00000007d6e00000,0x00000007d8ce0000,0x00000007d8ce0000)
  from space 5248K, 0% used [0x00000007d9200000,0x00000007d9200000,0x00000007d9720000)
  to   space 5248K, 0% used [0x00000007d8ce0000,0x00000007d8ce0000,0x00000007d9200000)
 ParOldGen       total 84224K, used 0K [0x0000000784a00000, 0x0000000789c40000, 0x00000007d6e00000)
  object space 84224K, 0% used [0x0000000784a00000,0x0000000784a00000,0x0000000789c40000)
 PSPermGen       total 21248K, used 15341K [0x000000077f800000, 0x0000000780cc0000, 0x0000000784a00000)
  object space 21248K, 72% used [0x000000077f800000,0x00000007806fb790,0x0000000780cc0000)
Event: 1.857 GC heap after
Heap after GC invocations=1 (full 0):
 PSYoungGen      total 36864K, used 4475K [0x00000007d6e00000, 0x00000007d9720000, 0x0000000800000000)
  eden space 31616K, 0% used [0x00000007d6e00000,0x00000007d6e00000,0x00000007d8ce0000)
  from space 5248K, 85% used [0x00000007d8ce0000,0x00000007d913ec60,0x00000007d9200000)
  to   space 5248K, 0% used [0x00000007d9200000,0x00000007d9200000,0x00000007d9720000)
 ParOldGen       total 84224K, used 8K [0x0000000784a00000, 0x0000000789c40000, 0x00000007d6e00000)
  object space 84224K, 0% used [0x0000000784a00000,0x0000000784a02000,0x0000000789c40000)
 PSPermGen       total 21248K, used 15341K [0x000000077f800000, 0x0000000780cc0000, 0x0000000784a00000)
  object space 21248K, 72% used [0x000000077f800000,0x00000007806fb790,0x0000000780cc0000)
}
Event: 2.253 GC heap before
{Heap before GC invocations=2 (full 0):
 PSYoungGen      total 36864K, used 36091K [0x00000007d6e00000, 0x00000007d9720000, 0x0000000800000000)
  eden space 31616K, 100% used [0x00000007d6e00000,0x00000007d8ce0000,0x00000007d8ce0000)
  from space 5248K, 85% used [0x00000007d8ce0000,0x00000007d913ec60,0x00000007d9200000)
  to   space 5248K, 0% used [0x00000007d9200000,0x00000007d9200000,0x00000007d9720000)
 ParOldGen       total 84224K, used 8K [0x0000000784a00000, 0x0000000789c40000, 0x00000007d6e00000)
  object space 84224K, 0% used [0x0000000784a00000,0x0000000784a02000,0x0000000789c40000)
 PSPermGen       total 21248K, used 19985K [0x000000077f800000, 0x0000000780cc0000, 0x0000000784a00000)
  object space 21248K, 94% used [0x000000077f800000,0x0000000780b84748,0x0000000780cc0000)
Event: 2.259 GC heap after
Heap after GC invocations=2 (full 0):
 PSYoungGen      total 36864K, used 5223K [0x00000007d6e00000, 0x00000007d9720000, 0x0000000800000000)
  eden space 31616K, 0% used [0x00000007d6e00000,0x00000007d6e00000,0x00000007d8ce0000)
  from space 5248K, 99% used [0x00000007d9200000,0x00000007d9719c78,0x00000007d9720000)
  to   space 5248K, 0% used [0x00000007d8ce0000,0x00000007d8ce0000,0x00000007d9200000)
 ParOldGen       total 84224K, used 1425K [0x0000000784a00000, 0x0000000789c40000, 0x00000007d6e00000)
  object space 84224K, 1% used [0x0000000784a00000,0x0000000784b64400,0x0000000789c40000)
 PSPermGen       total 21248K, used 19985K [0x000000077f800000, 0x0000000780cc0000, 0x0000000784a00000)
  object space 21248K, 94% used [0x000000077f800000,0x0000000780b84748,0x0000000780cc0000)
}
Event: 2.564 GC heap before
{Heap before GC invocations=3 (full 0):
 PSYoungGen      total 36864K, used 36839K [0x00000007d6e00000, 0x00000007d9720000, 0x0000000800000000)
  eden space 31616K, 100% used [0x00000007d6e00000,0x00000007d8ce0000,0x00000007d8ce0000)
  from space 5248K, 99% used [0x00000007d9200000,0x00000007d9719c78,0x00000007d9720000)
  to   space 5248K, 0% used [0x00000007d8ce0000,0x00000007d8ce0000,0x00000007d9200000)
 ParOldGen       total 84224K, used 1425K [0x0000000784a00000, 0x0000000789c40000, 0x00000007d6e00000)
  object space 84224K, 1% used [0x0000000784a00000,0x0000000784b64400,0x0000000789c40000)
 PSPermGen       total 22784K, used 22728K [0x000000077f800000, 0x0000000780e40000, 0x0000000784a00000)
  object space 22784K, 99% used [0x000000077f800000,0x0000000780e323e8,0x0000000780e40000)
Event: 2.572 GC heap after
Heap after GC invocations=3 (full 0):
 PSYoungGen      total 36864K, used 5224K [0x00000007d6e00000, 0x00000007db600000, 0x0000000800000000)
  eden space 31616K, 0% used [0x00000007d6e00000,0x00000007d6e00000,0x00000007d8ce0000)
  from space 5248K, 99% used [0x00000007d8ce0000,0x00000007d91fa2e8,0x00000007d9200000)
  to   space 5248K, 0% used [0x00000007db0e0000,0x00000007db0e0000,0x00000007db600000)
 ParOldGen       total 84224K, used 5450K [0x0000000784a00000, 0x0000000789c40000, 0x00000007d6e00000)
  object space 84224K, 6% used [0x0000000784a00000,0x0000000784f52b20,0x0000000789c40000)
 PSPermGen       total 22784K, used 22728K [0x000000077f800000, 0x0000000780e40000, 0x0000000784a00000)
  object space 22784K, 99% used [0x000000077f800000,0x0000000780e323e8,0x0000000780e40000)
}
Event: 3.754 GC heap before
{Heap before GC invocations=4 (full 0):
 PSYoungGen      total 36864K, used 36840K [0x00000007d6e00000, 0x00000007db600000, 0x0000000800000000)
  eden space 31616K, 100% used [0x00000007d6e00000,0x00000007d8ce0000,0x00000007d8ce0000)
  from space 5248K, 99% used [0x00000007d8ce0000,0x00000007d91fa2e8,0x00000007d9200000)
  to   space 5248K, 0% used [0x00000007db0e0000,0x00000007db0e0000,0x00000007db600000)
 ParOldGen       total 84224K, used 5450K [0x0000000784a00000, 0x0000000789c40000, 0x00000007d6e00000)
  object space 84224K, 6% used [0x0000000784a00000,0x0000000784f52b20,0x0000000789c40000)
 PSPermGen       total 25664K, used 25472K [0x000000077f800000, 0x0000000781110000, 0x0000000784a00000)
  object space 25664K, 99% used [0x000000077f800000,0x00000007810e01c8,0x0000000781110000)
Event: 3.761 GC heap after
Heap after GC invocations=4 (full 0):
 PSYoungGen      total 68480K, used 5223K [0x00000007d6e00000, 0x00000007db600000, 0x0000000800000000)
  eden space 63232K, 0% used [0x00000007d6e00000,0x00000007d6e00000,0x00000007dabc0000)
  from space 5248K, 99% used [0x00000007db0e0000,0x00000007db5f9e70,0x00000007db600000)
  to   space 5248K, 0% used [0x00000007dabc0000,0x00000007dabc0000,0x00000007db0e0000)
 ParOldGen       total 84224K, used 9509K [0x0000000784a00000, 0x0000000789c40000, 0x00000007d6e00000)
  object space 84224K, 11% used [0x0000000784a00000,0x0000000785349420,0x0000000789c40000)
 PSPermGen       total 25664K, used 25472K [0x000000077f800000, 0x0000000781110000, 0x0000000784a00000)
  object space 25664K, 99% used [0x000000077f800000,0x00000007810e01c8,0x0000000781110000)
}

